--2011-05-08 15:16:30--  http://en.wikipedia.org/w/api.php?action=query&generator=categorymembers&gcmtitle=Category:Syndromes&gcmlimit=max&gcmdir=asc&export&exportnowrap
Resolving en.wikipedia.org... 208.80.152.2
Connecting to en.wikipedia.org|208.80.152.2|:80... connected.
HTTP request sent, awaiting response... 200 OK
Length: 5664422 (5.4M) [text/xml]
Saving to: `../../data/wikisyn-data/api.php?action=query&generator=categorymembers&gcmtitle=Category:Syndromes&gcmlimit=max&gcmdir=asc&export&exportnowrap'

     0K .......... .......... .......... .......... ..........  0%  128K 43s
    50K .......... .......... .......... .......... ..........  1%  192K 35s
   100K .......... .......... .......... .......... ..........  2%  370K 28s
   150K .......... .......... .......... .......... ..........  3% 10.6M 21s
   200K .......... .......... .......... .......... ..........  4%  369K 20s
   250K .......... .......... .......... .......... ..........  5%  317M 16s
   300K .......... .......... .......... .......... ..........  6%  358K 16s
   350K .......... .......... .......... .......... ..........  7%  455K 15s
   400K .......... .......... .......... .......... ..........  8% 2.47M 13s
   450K .......... .......... .......... .......... ..........  9%  453K 13s
   500K .......... .......... .......... .......... ..........  9% 4.86M 12s
   550K .......... .......... .......... .......... .......... 10% 2.46M 11s
   600K .......... .......... .......... .......... .......... 11%  455K 11s
   650K .......... .......... .......... .......... .......... 12% 4.90M 10s
   700K .......... .......... .......... .......... .......... 13%  989K 10s
   750K .......... .......... .......... .......... .......... 14% 9.48M 9s
   800K .......... .......... .......... .......... .......... 15%  670K 9s
   850K .......... .......... .......... .......... .......... 16% 4.85M 8s
   900K .......... .......... .......... .......... .......... 17% 1.27M 8s
   950K .......... .......... .......... .......... .......... 18%  840K 8s
  1000K .......... .......... .......... .......... .......... 18% 10.4M 7s
  1050K .......... .......... .......... .......... .......... 19% 2.53M 7s
  1100K .......... .......... .......... .......... .......... 20% 3.96M 7s
  1150K .......... .......... .......... .......... .......... 21%  271M 6s
  1200K .......... .......... .......... .......... .......... 22% 78.2M 6s
  1250K .......... .......... .......... .......... .......... 23%  299K 6s
  1300K .......... .......... .......... .......... .......... 24%  295M 6s
  1350K .......... .......... .......... .......... .......... 25%  264M 6s
  1400K .......... .......... .......... .......... .......... 26%  359M 5s
  1450K .......... .......... .......... .......... .......... 27%  357M 5s
  1500K .......... .......... .......... .......... .......... 28%  352M 5s
  1550K .......... .......... .......... .......... .......... 28%  552K 5s
  1600K .......... .......... .......... .......... .......... 29%  337M 5s
  1650K .......... .......... .......... .......... .......... 30% 1.57M 5s
  1700K .......... .......... .......... .......... .......... 31%  344M 4s
  1750K .......... .......... .......... .......... .......... 32%  361M 4s
  1800K .......... .......... .......... .......... .......... 33%  638K 4s
  1850K .......... .......... .......... .......... .......... 34%  455K 4s
  1900K .......... .......... .......... .......... .......... 35%  360K 4s
  1950K .......... .......... .......... .......... .......... 36%  283M 4s
  2000K .......... .......... .......... .......... .......... 37%  226M 4s
  2050K .......... .......... .......... .......... .......... 37%  370K 4s
  2100K .......... .......... .......... .......... .......... 38%  171M 4s
  2150K .......... .......... .......... .......... .......... 39%  280K 4s
  2200K .......... .......... .......... .......... .......... 40%  141M 4s
  2250K .......... .......... .......... .......... .......... 41%  324M 4s
  2300K .......... .......... .......... .......... .......... 42%  666K 4s
  2350K .......... .......... .......... .......... .......... 43%  412K 4s
  2400K .......... .......... .......... .......... .......... 44%  795K 4s
  2450K .......... .......... .......... .......... .......... 45%  570K 4s
  2500K .......... .......... .......... .......... .......... 46%  444K 4s
  2550K .......... .......... .......... .......... .......... 47%  832K 4s
  2600K .......... .......... .......... .......... .......... 47%  560K 4s
  2650K .......... .......... .......... .......... .......... 48%  646K 4s
  2700K .......... .......... .......... .......... .......... 49%  386K 4s
  2750K .......... .......... .......... .......... .......... 50%  626K 3s
  2800K .......... .......... .......... .......... .......... 51%  543K 3s
  2850K .......... .......... .......... .......... .......... 52%  556K 3s
  2900K .......... .......... .......... .......... .......... 53%  624K 3s
  2950K .......... .......... .......... .......... .......... 54%  384K 3s
  3000K .......... .......... .......... .......... .......... 55% 1.22M 3s
  3050K .......... .......... .......... .......... .......... 56%  384K 3s
  3100K .......... .......... .......... .......... .......... 56% 1000K 3s
  3150K .......... .......... .......... .......... .......... 57%  554K 3s
  3200K .......... .......... .......... .......... .......... 58%  559K 3s
  3250K .......... .......... .......... .......... .......... 59%  384K 3s
  3300K .......... .......... .......... .......... .......... 60% 1.62M 3s
  3350K .......... .......... .......... .......... .......... 61%  387K 3s
  3400K .......... .......... .......... .......... .......... 62%  382K 3s
  3450K .......... .......... .......... .......... .......... 63% 1006K 3s
  3500K .......... .......... .......... .......... .......... 64%  416K 3s
  3550K .......... .......... .......... .......... .......... 65% 4.83M 3s
  3600K .......... .......... .......... .......... .......... 65%  387K 3s
  3650K .......... .......... .......... .......... .......... 66%  837K 3s
  3700K .......... .......... .......... .......... .......... 67%  412K 2s
  3750K .......... .......... .......... .......... .......... 68%  387K 2s
  3800K .......... .......... .......... .......... .......... 69%  621K 2s
  3850K .......... .......... .......... .......... .......... 70%  390K 2s
  3900K .......... .......... .......... .......... .......... 71% 1.16M 2s
  3950K .......... .......... .......... .......... .......... 72%  390K 2s
  4000K .......... .......... .......... .......... .......... 73% 1.14M 2s
  4050K .......... .......... .......... .......... .......... 74%  409K 2s
  4100K .......... .......... .......... .......... .......... 75%  391K 2s
  4150K .......... .......... .......... .......... .......... 75% 1.26M 2s
  4200K .......... .......... .......... .......... .......... 76%  393K 2s
  4250K .......... .......... .......... .......... .......... 77% 10.7M 2s
  4300K .......... .......... .......... .......... .......... 78%  388K 2s
  4350K .......... .......... .......... .......... .......... 79% 1.37M 2s
  4400K .......... .......... .......... .......... .......... 80%  404K 2s
  4450K .......... .......... .......... .......... .......... 81%  511K 2s
  4500K .......... .......... .......... .......... .......... 82% 1.14M 1s
  4550K .......... .......... .......... .......... .......... 83%  392K 1s
  4600K .......... .......... .......... .......... .......... 84% 1.14M 1s
  4650K .......... .......... .......... .......... .......... 84%  387K 1s
  4700K .......... .......... .......... .......... .......... 85% 1.21M 1s
  4750K .......... .......... .......... .......... .......... 86%  523K 1s
  4800K .......... .......... .......... .......... .......... 87% 1.01M 1s
  4850K .......... .......... .......... .......... .......... 88%  398K 1s
  4900K .......... .......... .......... .......... .......... 89%  996K 1s
  4950K .......... .......... .......... .......... .......... 90%  582K 1s
  5000K .......... .......... .......... .......... .......... 91%  992K 1s
  5050K .......... .......... .......... .......... .......... 92%  384K 1s
  5100K .......... .......... .......... .......... .......... 93% 4.96M 1s
  5150K .......... .......... .......... .......... .......... 94%  396K 0s
  5200K .......... .......... .......... .......... .......... 94% 3.41M 0s
  5250K .......... .......... .......... .......... .......... 95%  416K 0s
  5300K .......... .......... .......... .......... .......... 96%  714K 0s
  5350K .......... .......... .......... .......... .......... 97%  822K 0s
  5400K .......... .......... .......... .......... .......... 98%  723K 0s
  5450K .......... .......... .......... .......... .......... 99%  640K 0s
  5500K .......... .......... .......... .                    100%  608K=8.2s

2011-05-08 15:17:04 (675 KB/s) - `../../data/wikisyn-data/api.php?action=query&generator=categorymembers&gcmtitle=Category:Syndromes&gcmlimit=max&gcmdir=asc&export&exportnowrap' saved [5664422/5664422]

FINISHED --2011-05-08 15:17:04--
Downloaded: 1 files, 5.4M in 8.2s (675 KB/s)
