timestamp: 2011-05-04T11:28:16.860052
CREATE TABLE auth_user(
    id INTEGER PRIMARY KEY AUTOINCREMENT,
    first_name CHAR(128),
    last_name CHAR(128),
    email CHAR(512),
    password CHAR(512),
    registration_key CHAR(512),
    reset_password_key CHAR(512)
);
success!
timestamp: 2011-05-04T11:28:16.875732
CREATE TABLE auth_group(
    id INTEGER PRIMARY KEY AUTOINCREMENT,
    role CHAR(512),
    description TEXT
);
success!
timestamp: 2011-05-04T11:28:16.888038
CREATE TABLE auth_membership(
    id INTEGER PRIMARY KEY AUTOINCREMENT,
    user_id INTEGER REFERENCES auth_user(id) ON DELETE CASCADE,
    group_id INTEGER REFERENCES auth_group(id) ON DELETE CASCADE
);
success!
timestamp: 2011-05-04T11:28:16.895906
CREATE TABLE auth_permission(
    id INTEGER PRIMARY KEY AUTOINCREMENT,
    group_id INTEGER REFERENCES auth_group(id) ON DELETE CASCADE,
    name CHAR(512),
    table_name CHAR(512),
    record_id INTEGER
);
success!
timestamp: 2011-05-04T11:28:16.903393
CREATE TABLE auth_event(
    id INTEGER PRIMARY KEY AUTOINCREMENT,
    time_stamp TIMESTAMP,
    client_ip CHAR(512),
    user_id INTEGER REFERENCES auth_user(id) ON DELETE CASCADE,
    origin CHAR(512),
    description TEXT
);
success!
timestamp: 2011-05-04T11:28:16.913064
CREATE TABLE t_result(
    id INTEGER PRIMARY KEY AUTOINCREMENT,
    f_rank CHAR(512),
    f_docno CHAR(512),
    f_title CHAR(512),
    f_url CHAR(512),
    f_score CHAR(512),
    f_text CHAR(512),
    active CHAR(1),
    created_on TIMESTAMP,
    modified_on TIMESTAMP
);
success!
timestamp: 2011-05-04T11:28:16.921295
CREATE TABLE t_result_archive(
    id INTEGER PRIMARY KEY AUTOINCREMENT,
    f_rank CHAR(512),
    f_docno CHAR(512),
    f_title CHAR(512),
    f_url CHAR(512),
    f_score CHAR(512),
    f_text CHAR(512),
    active CHAR(1),
    created_on TIMESTAMP,
    modified_on TIMESTAMP,
    current_record INTEGER REFERENCES t_result(id) ON DELETE CASCADE
);
success!
timestamp: 2011-05-04T11:42:09.885697
CREATE TABLE category(
    id INTEGER PRIMARY KEY AUTOINCREMENT,
    name CHAR(512)
);
success!
timestamp: 2011-05-04T11:42:09.895239
CREATE TABLE product(
    id INTEGER PRIMARY KEY AUTOINCREMENT,
    category_id INTEGER REFERENCES category(id) ON DELETE CASCADE,
    name CHAR(512),
    description CHAR(512),
    price DOUBLE,
    quantity INTEGER
);
success!
DELETE FROM t_result;
DELETE FROM sqlite_sequence WHERE name='t_result';
success!
DELETE FROM t_result;
DELETE FROM sqlite_sequence WHERE name='t_result';
success!
DELETE FROM t_result;
DELETE FROM sqlite_sequence WHERE name='t_result';
success!
DELETE FROM t_result;
DELETE FROM sqlite_sequence WHERE name='t_result';
success!
DELETE FROM t_result;
DELETE FROM sqlite_sequence WHERE name='t_result';
success!
DELETE FROM t_result;
DELETE FROM sqlite_sequence WHERE name='t_result';
success!
DELETE FROM t_result;
DELETE FROM sqlite_sequence WHERE name='t_result';
success!
DELETE FROM t_result;
DELETE FROM sqlite_sequence WHERE name='t_result';
success!
DELETE FROM t_result;
DELETE FROM sqlite_sequence WHERE name='t_result';
success!
DELETE FROM t_result;
DELETE FROM sqlite_sequence WHERE name='t_result';
success!
DELETE FROM t_result;
DELETE FROM sqlite_sequence WHERE name='t_result';
success!
DELETE FROM t_result;
DELETE FROM sqlite_sequence WHERE name='t_result';
success!
DELETE FROM t_result;
DELETE FROM sqlite_sequence WHERE name='t_result';
success!
DELETE FROM t_result;
DELETE FROM sqlite_sequence WHERE name='t_result';
success!
DELETE FROM t_result;
DELETE FROM sqlite_sequence WHERE name='t_result';
success!
DELETE FROM t_result;
DELETE FROM sqlite_sequence WHERE name='t_result';
success!
DELETE FROM t_result;
DELETE FROM sqlite_sequence WHERE name='t_result';
success!
DELETE FROM t_result;
DELETE FROM sqlite_sequence WHERE name='t_result';
success!
DELETE FROM t_result;
DELETE FROM sqlite_sequence WHERE name='t_result';
success!
DELETE FROM t_result;
DELETE FROM sqlite_sequence WHERE name='t_result';
success!
DELETE FROM t_result;
DELETE FROM sqlite_sequence WHERE name='t_result';
success!
DELETE FROM t_result;
DELETE FROM sqlite_sequence WHERE name='t_result';
success!
DELETE FROM t_result;
DELETE FROM sqlite_sequence WHERE name='t_result';
success!
DELETE FROM t_result;
DELETE FROM sqlite_sequence WHERE name='t_result';
success!
DELETE FROM t_result;
DELETE FROM sqlite_sequence WHERE name='t_result';
success!
DELETE FROM t_result;
DELETE FROM sqlite_sequence WHERE name='t_result';
success!
DELETE FROM t_result;
DELETE FROM sqlite_sequence WHERE name='t_result';
success!
DELETE FROM t_result;
DELETE FROM sqlite_sequence WHERE name='t_result';
success!
DELETE FROM t_result;
DELETE FROM sqlite_sequence WHERE name='t_result';
success!
DELETE FROM t_result;
DELETE FROM sqlite_sequence WHERE name='t_result';
success!
DELETE FROM t_result;
DELETE FROM sqlite_sequence WHERE name='t_result';
success!
DELETE FROM t_result;
DELETE FROM sqlite_sequence WHERE name='t_result';
success!
DELETE FROM t_result;
DELETE FROM sqlite_sequence WHERE name='t_result';
success!
DELETE FROM t_result;
DELETE FROM sqlite_sequence WHERE name='t_result';
success!
DELETE FROM t_result;
DELETE FROM sqlite_sequence WHERE name='t_result';
success!
DELETE FROM t_result;
DELETE FROM sqlite_sequence WHERE name='t_result';
success!
DELETE FROM t_result;
DELETE FROM sqlite_sequence WHERE name='t_result';
success!
DELETE FROM t_result;
DELETE FROM sqlite_sequence WHERE name='t_result';
success!
DELETE FROM t_result;
DELETE FROM sqlite_sequence WHERE name='t_result';
success!
DELETE FROM t_result;
DELETE FROM sqlite_sequence WHERE name='t_result';
success!
DELETE FROM t_result;
DELETE FROM sqlite_sequence WHERE name='t_result';
success!
DELETE FROM t_result;
DELETE FROM sqlite_sequence WHERE name='t_result';
success!
DELETE FROM t_result;
DELETE FROM sqlite_sequence WHERE name='t_result';
success!
DELETE FROM t_result;
DELETE FROM sqlite_sequence WHERE name='t_result';
success!
DELETE FROM t_result;
DELETE FROM sqlite_sequence WHERE name='t_result';
success!
DELETE FROM t_result;
DELETE FROM sqlite_sequence WHERE name='t_result';
success!
DELETE FROM t_result;
DELETE FROM sqlite_sequence WHERE name='t_result';
success!
DELETE FROM t_result;
DELETE FROM sqlite_sequence WHERE name='t_result';
success!
DELETE FROM t_result;
DELETE FROM sqlite_sequence WHERE name='t_result';
success!
DELETE FROM t_result;
DELETE FROM sqlite_sequence WHERE name='t_result';
success!
DELETE FROM t_result;
DELETE FROM sqlite_sequence WHERE name='t_result';
success!
DELETE FROM t_result;
DELETE FROM sqlite_sequence WHERE name='t_result';
success!
DELETE FROM t_result;
DELETE FROM sqlite_sequence WHERE name='t_result';
success!
DELETE FROM t_result;
DELETE FROM sqlite_sequence WHERE name='t_result';
success!
DELETE FROM t_result;
DELETE FROM sqlite_sequence WHERE name='t_result';
success!
DELETE FROM t_result;
DELETE FROM sqlite_sequence WHERE name='t_result';
success!
DELETE FROM t_result;
DELETE FROM sqlite_sequence WHERE name='t_result';
success!
DELETE FROM t_result;
DELETE FROM sqlite_sequence WHERE name='t_result';
success!
DELETE FROM t_result;
DELETE FROM sqlite_sequence WHERE name='t_result';
success!
DELETE FROM t_result;
DELETE FROM sqlite_sequence WHERE name='t_result';
success!
DELETE FROM t_result;
DELETE FROM sqlite_sequence WHERE name='t_result';
success!
DELETE FROM t_result;
DELETE FROM sqlite_sequence WHERE name='t_result';
success!
DELETE FROM t_result;
DELETE FROM sqlite_sequence WHERE name='t_result';
success!
DELETE FROM t_result;
DELETE FROM sqlite_sequence WHERE name='t_result';
success!
DELETE FROM t_result;
DELETE FROM sqlite_sequence WHERE name='t_result';
success!
DELETE FROM t_result;
DELETE FROM sqlite_sequence WHERE name='t_result';
success!
DELETE FROM t_result;
DELETE FROM sqlite_sequence WHERE name='t_result';
success!
DELETE FROM t_result;
DELETE FROM sqlite_sequence WHERE name='t_result';
success!
DELETE FROM t_result;
DELETE FROM sqlite_sequence WHERE name='t_result';
success!
DELETE FROM t_result;
DELETE FROM sqlite_sequence WHERE name='t_result';
success!
DELETE FROM t_result;
DELETE FROM sqlite_sequence WHERE name='t_result';
success!
DELETE FROM t_result;
DELETE FROM sqlite_sequence WHERE name='t_result';
success!
DELETE FROM t_result;
DELETE FROM sqlite_sequence WHERE name='t_result';
success!
DELETE FROM t_result;
DELETE FROM sqlite_sequence WHERE name='t_result';
success!
DELETE FROM t_result;
DELETE FROM sqlite_sequence WHERE name='t_result';
success!
DELETE FROM t_result;
DELETE FROM sqlite_sequence WHERE name='t_result';
success!
DELETE FROM t_result;
DELETE FROM sqlite_sequence WHERE name='t_result';
success!
DELETE FROM t_result;
DELETE FROM sqlite_sequence WHERE name='t_result';
success!
DELETE FROM t_result;
DELETE FROM sqlite_sequence WHERE name='t_result';
success!
DELETE FROM t_result;
DELETE FROM sqlite_sequence WHERE name='t_result';
success!
DELETE FROM t_result;
DELETE FROM sqlite_sequence WHERE name='t_result';
success!
DELETE FROM t_result;
DELETE FROM sqlite_sequence WHERE name='t_result';
success!
DELETE FROM t_result;
DELETE FROM sqlite_sequence WHERE name='t_result';
success!
DELETE FROM t_result;
DELETE FROM sqlite_sequence WHERE name='t_result';
success!
DELETE FROM t_result;
DELETE FROM sqlite_sequence WHERE name='t_result';
success!
DELETE FROM t_result;
DELETE FROM sqlite_sequence WHERE name='t_result';
success!
DELETE FROM t_result;
DELETE FROM sqlite_sequence WHERE name='t_result';
success!
DELETE FROM t_result;
DELETE FROM sqlite_sequence WHERE name='t_result';
success!
DELETE FROM t_result;
DELETE FROM sqlite_sequence WHERE name='t_result';
success!
DELETE FROM t_result;
DELETE FROM sqlite_sequence WHERE name='t_result';
success!
DELETE FROM t_result;
DELETE FROM sqlite_sequence WHERE name='t_result';
success!
DELETE FROM t_result;
DELETE FROM sqlite_sequence WHERE name='t_result';
success!
DELETE FROM t_result;
DELETE FROM sqlite_sequence WHERE name='t_result';
success!
DELETE FROM t_result;
DELETE FROM sqlite_sequence WHERE name='t_result';
success!
DELETE FROM t_result;
DELETE FROM sqlite_sequence WHERE name='t_result';
success!
DELETE FROM t_result;
DELETE FROM sqlite_sequence WHERE name='t_result';
success!
DELETE FROM t_result;
DELETE FROM sqlite_sequence WHERE name='t_result';
success!
DELETE FROM t_result;
DELETE FROM sqlite_sequence WHERE name='t_result';
success!
DELETE FROM t_result;
DELETE FROM sqlite_sequence WHERE name='t_result';
success!
DELETE FROM t_result;
DELETE FROM sqlite_sequence WHERE name='t_result';
success!
DELETE FROM t_result;
DELETE FROM sqlite_sequence WHERE name='t_result';
success!
DELETE FROM t_result;
DELETE FROM sqlite_sequence WHERE name='t_result';
success!
DELETE FROM t_result;
DELETE FROM sqlite_sequence WHERE name='t_result';
success!
DELETE FROM t_result;
DELETE FROM sqlite_sequence WHERE name='t_result';
success!
DELETE FROM t_result;
DELETE FROM sqlite_sequence WHERE name='t_result';
success!
DELETE FROM t_result;
DELETE FROM sqlite_sequence WHERE name='t_result';
success!
DELETE FROM t_result;
DELETE FROM sqlite_sequence WHERE name='t_result';
success!
DELETE FROM t_result;
DELETE FROM sqlite_sequence WHERE name='t_result';
success!
DELETE FROM t_result;
DELETE FROM sqlite_sequence WHERE name='t_result';
success!
DELETE FROM t_result;
DELETE FROM sqlite_sequence WHERE name='t_result';
success!
DELETE FROM t_result;
DELETE FROM sqlite_sequence WHERE name='t_result';
success!
DELETE FROM t_result;
DELETE FROM sqlite_sequence WHERE name='t_result';
success!
DELETE FROM t_result;
DELETE FROM sqlite_sequence WHERE name='t_result';
success!
DELETE FROM t_result;
DELETE FROM sqlite_sequence WHERE name='t_result';
success!
DELETE FROM t_result;
DELETE FROM sqlite_sequence WHERE name='t_result';
success!
DELETE FROM t_result;
DELETE FROM sqlite_sequence WHERE name='t_result';
success!
DELETE FROM t_result;
DELETE FROM sqlite_sequence WHERE name='t_result';
success!
DELETE FROM t_result;
DELETE FROM sqlite_sequence WHERE name='t_result';
success!
DELETE FROM t_result;
DELETE FROM sqlite_sequence WHERE name='t_result';
success!
DELETE FROM t_result;
DELETE FROM sqlite_sequence WHERE name='t_result';
success!
DELETE FROM t_result;
DELETE FROM sqlite_sequence WHERE name='t_result';
success!
DELETE FROM t_result;
DELETE FROM sqlite_sequence WHERE name='t_result';
success!
DELETE FROM t_result;
DELETE FROM sqlite_sequence WHERE name='t_result';
success!
DELETE FROM t_result;
DELETE FROM sqlite_sequence WHERE name='t_result';
success!
DELETE FROM t_result;
DELETE FROM sqlite_sequence WHERE name='t_result';
success!
DELETE FROM t_result;
DELETE FROM sqlite_sequence WHERE name='t_result';
success!
DELETE FROM t_result;
DELETE FROM sqlite_sequence WHERE name='t_result';
success!
DELETE FROM t_result;
DELETE FROM sqlite_sequence WHERE name='t_result';
success!
DELETE FROM t_result;
DELETE FROM sqlite_sequence WHERE name='t_result';
success!
DELETE FROM t_result;
DELETE FROM sqlite_sequence WHERE name='t_result';
success!
DELETE FROM t_result;
DELETE FROM sqlite_sequence WHERE name='t_result';
success!
DELETE FROM t_result;
DELETE FROM sqlite_sequence WHERE name='t_result';
success!
DELETE FROM t_result;
DELETE FROM sqlite_sequence WHERE name='t_result';
success!
DELETE FROM t_result;
DELETE FROM sqlite_sequence WHERE name='t_result';
success!
DELETE FROM t_result;
DELETE FROM sqlite_sequence WHERE name='t_result';
success!
DELETE FROM t_result;
DELETE FROM sqlite_sequence WHERE name='t_result';
success!
DELETE FROM t_result;
DELETE FROM sqlite_sequence WHERE name='t_result';
success!
DELETE FROM t_result;
DELETE FROM sqlite_sequence WHERE name='t_result';
success!
DELETE FROM t_result;
DELETE FROM sqlite_sequence WHERE name='t_result';
success!
DELETE FROM t_result;
DELETE FROM sqlite_sequence WHERE name='t_result';
success!
DELETE FROM t_result;
DELETE FROM sqlite_sequence WHERE name='t_result';
success!
DELETE FROM t_result;
DELETE FROM sqlite_sequence WHERE name='t_result';
success!
DELETE FROM t_result;
DELETE FROM sqlite_sequence WHERE name='t_result';
success!
DELETE FROM t_result;
DELETE FROM sqlite_sequence WHERE name='t_result';
success!
DELETE FROM t_result;
DELETE FROM sqlite_sequence WHERE name='t_result';
success!
DELETE FROM t_result;
DELETE FROM sqlite_sequence WHERE name='t_result';
success!
DELETE FROM t_result;
DELETE FROM sqlite_sequence WHERE name='t_result';
success!
DELETE FROM t_result;
DELETE FROM sqlite_sequence WHERE name='t_result';
success!
DELETE FROM t_result;
DELETE FROM sqlite_sequence WHERE name='t_result';
success!
DELETE FROM t_result;
DELETE FROM sqlite_sequence WHERE name='t_result';
success!
DELETE FROM t_result;
DELETE FROM sqlite_sequence WHERE name='t_result';
success!
DELETE FROM t_result;
DELETE FROM sqlite_sequence WHERE name='t_result';
success!
DELETE FROM t_result;
DELETE FROM sqlite_sequence WHERE name='t_result';
success!
DELETE FROM t_result;
DELETE FROM sqlite_sequence WHERE name='t_result';
success!
DELETE FROM t_result;
DELETE FROM sqlite_sequence WHERE name='t_result';
success!
DELETE FROM t_result;
DELETE FROM sqlite_sequence WHERE name='t_result';
success!
DELETE FROM t_result;
DELETE FROM sqlite_sequence WHERE name='t_result';
success!
DELETE FROM t_result;
DELETE FROM sqlite_sequence WHERE name='t_result';
success!
DELETE FROM t_result;
DELETE FROM sqlite_sequence WHERE name='t_result';
success!
DELETE FROM t_result;
DELETE FROM sqlite_sequence WHERE name='t_result';
success!
DELETE FROM t_result;
DELETE FROM sqlite_sequence WHERE name='t_result';
success!
DELETE FROM t_result;
DELETE FROM sqlite_sequence WHERE name='t_result';
success!
DELETE FROM t_result;
DELETE FROM sqlite_sequence WHERE name='t_result';
success!
DELETE FROM t_result;
DELETE FROM sqlite_sequence WHERE name='t_result';
success!
DELETE FROM t_result;
DELETE FROM sqlite_sequence WHERE name='t_result';
success!
DELETE FROM t_result;
DELETE FROM sqlite_sequence WHERE name='t_result';
success!
DELETE FROM t_result;
DELETE FROM sqlite_sequence WHERE name='t_result';
success!
DELETE FROM t_result;
DELETE FROM sqlite_sequence WHERE name='t_result';
success!
DELETE FROM t_result;
DELETE FROM sqlite_sequence WHERE name='t_result';
success!
DELETE FROM t_result;
DELETE FROM sqlite_sequence WHERE name='t_result';
success!
DELETE FROM t_result;
DELETE FROM sqlite_sequence WHERE name='t_result';
success!
DELETE FROM t_result;
DELETE FROM sqlite_sequence WHERE name='t_result';
success!
DELETE FROM t_result;
DELETE FROM sqlite_sequence WHERE name='t_result';
success!
DELETE FROM t_result;
DELETE FROM sqlite_sequence WHERE name='t_result';
success!
DELETE FROM t_result;
DELETE FROM sqlite_sequence WHERE name='t_result';
success!
DELETE FROM t_result;
DELETE FROM sqlite_sequence WHERE name='t_result';
success!
DELETE FROM t_result;
DELETE FROM sqlite_sequence WHERE name='t_result';
success!
DELETE FROM t_result;
DELETE FROM sqlite_sequence WHERE name='t_result';
success!
DELETE FROM t_result;
DELETE FROM sqlite_sequence WHERE name='t_result';
success!
DELETE FROM t_result;
DELETE FROM sqlite_sequence WHERE name='t_result';
success!
DELETE FROM t_result;
DELETE FROM sqlite_sequence WHERE name='t_result';
success!
DELETE FROM t_result;
DELETE FROM sqlite_sequence WHERE name='t_result';
success!
DELETE FROM t_result;
DELETE FROM sqlite_sequence WHERE name='t_result';
success!
DELETE FROM t_result;
DELETE FROM sqlite_sequence WHERE name='t_result';
success!
DELETE FROM t_result;
DELETE FROM sqlite_sequence WHERE name='t_result';
success!
DELETE FROM t_result;
DELETE FROM sqlite_sequence WHERE name='t_result';
success!
DELETE FROM t_result;
DELETE FROM sqlite_sequence WHERE name='t_result';
success!
DELETE FROM t_result;
DELETE FROM sqlite_sequence WHERE name='t_result';
success!
DELETE FROM t_result;
DELETE FROM sqlite_sequence WHERE name='t_result';
success!
DELETE FROM t_result;
DELETE FROM sqlite_sequence WHERE name='t_result';
success!
DELETE FROM t_result;
DELETE FROM sqlite_sequence WHERE name='t_result';
success!
DELETE FROM t_result;
DELETE FROM sqlite_sequence WHERE name='t_result';
success!
DELETE FROM t_result;
DELETE FROM sqlite_sequence WHERE name='t_result';
success!
DELETE FROM t_result;
DELETE FROM sqlite_sequence WHERE name='t_result';
success!
DELETE FROM t_result;
DELETE FROM sqlite_sequence WHERE name='t_result';
success!
DELETE FROM t_result;
DELETE FROM sqlite_sequence WHERE name='t_result';
success!
DELETE FROM t_result;
DELETE FROM sqlite_sequence WHERE name='t_result';
success!
DELETE FROM t_result;
DELETE FROM sqlite_sequence WHERE name='t_result';
success!
DELETE FROM t_result;
DELETE FROM sqlite_sequence WHERE name='t_result';
success!
DELETE FROM t_result;
DELETE FROM sqlite_sequence WHERE name='t_result';
success!
DELETE FROM t_result;
DELETE FROM sqlite_sequence WHERE name='t_result';
success!
DELETE FROM t_result;
DELETE FROM sqlite_sequence WHERE name='t_result';
success!
DELETE FROM t_result;
DELETE FROM sqlite_sequence WHERE name='t_result';
success!
DELETE FROM t_result;
DELETE FROM sqlite_sequence WHERE name='t_result';
success!
DELETE FROM t_result;
DELETE FROM sqlite_sequence WHERE name='t_result';
success!
DELETE FROM t_result;
DELETE FROM sqlite_sequence WHERE name='t_result';
success!
DELETE FROM t_result;
DELETE FROM sqlite_sequence WHERE name='t_result';
success!
DELETE FROM t_result;
DELETE FROM sqlite_sequence WHERE name='t_result';
success!
DELETE FROM t_result;
DELETE FROM sqlite_sequence WHERE name='t_result';
success!
DELETE FROM t_result;
DELETE FROM sqlite_sequence WHERE name='t_result';
success!
DELETE FROM t_result;
DELETE FROM sqlite_sequence WHERE name='t_result';
success!
DELETE FROM t_result;
DELETE FROM sqlite_sequence WHERE name='t_result';
success!
DELETE FROM t_result;
DELETE FROM sqlite_sequence WHERE name='t_result';
success!
DELETE FROM t_result;
DELETE FROM sqlite_sequence WHERE name='t_result';
success!
DELETE FROM t_result;
DELETE FROM sqlite_sequence WHERE name='t_result';
success!
DELETE FROM t_result;
DELETE FROM sqlite_sequence WHERE name='t_result';
success!
DELETE FROM t_result;
DELETE FROM sqlite_sequence WHERE name='t_result';
success!
DELETE FROM t_result;
DELETE FROM sqlite_sequence WHERE name='t_result';
success!
DELETE FROM t_result;
DELETE FROM sqlite_sequence WHERE name='t_result';
success!
DELETE FROM t_result;
DELETE FROM sqlite_sequence WHERE name='t_result';
success!
DELETE FROM t_result;
DELETE FROM sqlite_sequence WHERE name='t_result';
success!
DELETE FROM t_result;
DELETE FROM sqlite_sequence WHERE name='t_result';
success!
DELETE FROM t_result;
DELETE FROM sqlite_sequence WHERE name='t_result';
success!
DELETE FROM t_result;
DELETE FROM sqlite_sequence WHERE name='t_result';
success!
DELETE FROM t_result;
DELETE FROM sqlite_sequence WHERE name='t_result';
success!
DELETE FROM t_result;
DELETE FROM sqlite_sequence WHERE name='t_result';
success!
DELETE FROM t_result;
DELETE FROM sqlite_sequence WHERE name='t_result';
success!
DELETE FROM t_result;
DELETE FROM sqlite_sequence WHERE name='t_result';
success!
DELETE FROM t_result;
DELETE FROM sqlite_sequence WHERE name='t_result';
success!
DELETE FROM t_result;
DELETE FROM sqlite_sequence WHERE name='t_result';
success!
DELETE FROM t_result;
DELETE FROM sqlite_sequence WHERE name='t_result';
success!
DELETE FROM t_result;
DELETE FROM sqlite_sequence WHERE name='t_result';
success!
DELETE FROM t_result;
DELETE FROM sqlite_sequence WHERE name='t_result';
success!
DELETE FROM t_result;
DELETE FROM sqlite_sequence WHERE name='t_result';
success!
DELETE FROM t_result;
DELETE FROM sqlite_sequence WHERE name='t_result';
success!
DELETE FROM t_result;
DELETE FROM sqlite_sequence WHERE name='t_result';
success!
DELETE FROM t_result;
DELETE FROM sqlite_sequence WHERE name='t_result';
success!
DELETE FROM t_result;
DELETE FROM sqlite_sequence WHERE name='t_result';
success!
DELETE FROM t_result;
DELETE FROM sqlite_sequence WHERE name='t_result';
success!
DELETE FROM t_result;
DELETE FROM sqlite_sequence WHERE name='t_result';
success!
DELETE FROM t_result;
DELETE FROM sqlite_sequence WHERE name='t_result';
success!
DELETE FROM t_result;
DELETE FROM sqlite_sequence WHERE name='t_result';
success!
DELETE FROM t_result;
DELETE FROM sqlite_sequence WHERE name='t_result';
success!
DELETE FROM t_result;
DELETE FROM sqlite_sequence WHERE name='t_result';
success!
DELETE FROM t_result;
DELETE FROM sqlite_sequence WHERE name='t_result';
success!
DELETE FROM t_result;
DELETE FROM sqlite_sequence WHERE name='t_result';
success!
DELETE FROM t_result;
DELETE FROM sqlite_sequence WHERE name='t_result';
success!
DELETE FROM t_result;
DELETE FROM sqlite_sequence WHERE name='t_result';
success!
DELETE FROM t_result;
DELETE FROM sqlite_sequence WHERE name='t_result';
success!
DELETE FROM t_result;
DELETE FROM sqlite_sequence WHERE name='t_result';
success!
DELETE FROM t_result;
DELETE FROM sqlite_sequence WHERE name='t_result';
success!
DELETE FROM t_result;
DELETE FROM sqlite_sequence WHERE name='t_result';
success!
DELETE FROM t_result;
DELETE FROM sqlite_sequence WHERE name='t_result';
success!
DELETE FROM t_result;
DELETE FROM sqlite_sequence WHERE name='t_result';
success!
DELETE FROM t_result;
DELETE FROM sqlite_sequence WHERE name='t_result';
success!
DELETE FROM t_result;
DELETE FROM sqlite_sequence WHERE name='t_result';
success!
DELETE FROM t_result;
DELETE FROM sqlite_sequence WHERE name='t_result';
success!
DELETE FROM t_result;
DELETE FROM sqlite_sequence WHERE name='t_result';
success!
DELETE FROM t_result;
DELETE FROM sqlite_sequence WHERE name='t_result';
success!
DELETE FROM t_result;
DELETE FROM sqlite_sequence WHERE name='t_result';
success!
DELETE FROM t_result;
DELETE FROM sqlite_sequence WHERE name='t_result';
success!
DELETE FROM t_result;
DELETE FROM sqlite_sequence WHERE name='t_result';
success!
DELETE FROM t_result;
DELETE FROM sqlite_sequence WHERE name='t_result';
success!
DELETE FROM t_result;
DELETE FROM sqlite_sequence WHERE name='t_result';
success!
DELETE FROM t_result;
DELETE FROM sqlite_sequence WHERE name='t_result';
success!
DELETE FROM t_result;
DELETE FROM sqlite_sequence WHERE name='t_result';
success!
DELETE FROM t_result;
DELETE FROM sqlite_sequence WHERE name='t_result';
success!
DELETE FROM t_result;
DELETE FROM sqlite_sequence WHERE name='t_result';
success!
DELETE FROM t_result;
DELETE FROM sqlite_sequence WHERE name='t_result';
success!
DELETE FROM t_result;
DELETE FROM sqlite_sequence WHERE name='t_result';
success!
DELETE FROM t_result;
DELETE FROM sqlite_sequence WHERE name='t_result';
success!
DELETE FROM t_result;
DELETE FROM sqlite_sequence WHERE name='t_result';
success!
DELETE FROM t_result;
DELETE FROM sqlite_sequence WHERE name='t_result';
success!
DELETE FROM t_result;
DELETE FROM sqlite_sequence WHERE name='t_result';
success!
DELETE FROM t_result;
DELETE FROM sqlite_sequence WHERE name='t_result';
success!
DELETE FROM t_result;
DELETE FROM sqlite_sequence WHERE name='t_result';
success!
DELETE FROM t_result;
DELETE FROM sqlite_sequence WHERE name='t_result';
success!
DELETE FROM t_result;
DELETE FROM sqlite_sequence WHERE name='t_result';
success!
DELETE FROM t_result;
DELETE FROM sqlite_sequence WHERE name='t_result';
success!
DELETE FROM t_result;
DELETE FROM sqlite_sequence WHERE name='t_result';
success!
DELETE FROM t_result;
DELETE FROM sqlite_sequence WHERE name='t_result';
success!
DELETE FROM t_result;
DELETE FROM sqlite_sequence WHERE name='t_result';
success!
DELETE FROM t_result;
DELETE FROM sqlite_sequence WHERE name='t_result';
success!
DELETE FROM t_result;
DELETE FROM sqlite_sequence WHERE name='t_result';
success!
DELETE FROM t_result;
DELETE FROM sqlite_sequence WHERE name='t_result';
success!
DELETE FROM t_result;
DELETE FROM sqlite_sequence WHERE name='t_result';
success!
DELETE FROM t_result;
DELETE FROM sqlite_sequence WHERE name='t_result';
success!
DELETE FROM t_result;
DELETE FROM sqlite_sequence WHERE name='t_result';
success!
DELETE FROM t_result;
DELETE FROM sqlite_sequence WHERE name='t_result';
success!
DELETE FROM t_result;
DELETE FROM sqlite_sequence WHERE name='t_result';
success!
DELETE FROM t_result;
DELETE FROM sqlite_sequence WHERE name='t_result';
success!
DELETE FROM t_result;
DELETE FROM sqlite_sequence WHERE name='t_result';
success!
DELETE FROM t_result;
DELETE FROM sqlite_sequence WHERE name='t_result';
success!
DELETE FROM t_result;
DELETE FROM sqlite_sequence WHERE name='t_result';
success!
DELETE FROM t_result;
DELETE FROM sqlite_sequence WHERE name='t_result';
success!
DELETE FROM t_result;
DELETE FROM sqlite_sequence WHERE name='t_result';
success!
DELETE FROM t_result;
DELETE FROM sqlite_sequence WHERE name='t_result';
success!
DELETE FROM t_result;
DELETE FROM sqlite_sequence WHERE name='t_result';
success!
DELETE FROM t_result;
DELETE FROM sqlite_sequence WHERE name='t_result';
success!
DELETE FROM t_result;
DELETE FROM sqlite_sequence WHERE name='t_result';
success!
DELETE FROM t_result;
DELETE FROM sqlite_sequence WHERE name='t_result';
success!
DELETE FROM t_result;
DELETE FROM sqlite_sequence WHERE name='t_result';
success!
DELETE FROM t_result;
DELETE FROM sqlite_sequence WHERE name='t_result';
success!
DELETE FROM t_result;
DELETE FROM sqlite_sequence WHERE name='t_result';
success!
DELETE FROM t_result;
DELETE FROM sqlite_sequence WHERE name='t_result';
success!
DELETE FROM t_result;
DELETE FROM sqlite_sequence WHERE name='t_result';
success!
DELETE FROM t_result;
DELETE FROM sqlite_sequence WHERE name='t_result';
success!
DELETE FROM t_result;
DELETE FROM sqlite_sequence WHERE name='t_result';
success!
DELETE FROM t_result;
DELETE FROM sqlite_sequence WHERE name='t_result';
success!
DELETE FROM t_result;
DELETE FROM sqlite_sequence WHERE name='t_result';
success!
DELETE FROM t_result;
DELETE FROM sqlite_sequence WHERE name='t_result';
success!
DELETE FROM t_result;
DELETE FROM sqlite_sequence WHERE name='t_result';
success!
DELETE FROM t_result;
DELETE FROM sqlite_sequence WHERE name='t_result';
success!
DELETE FROM t_result;
DELETE FROM sqlite_sequence WHERE name='t_result';
success!
DELETE FROM t_result;
DELETE FROM sqlite_sequence WHERE name='t_result';
success!
DELETE FROM t_result;
DELETE FROM sqlite_sequence WHERE name='t_result';
success!
DELETE FROM t_result;
DELETE FROM sqlite_sequence WHERE name='t_result';
success!
DELETE FROM t_result;
DELETE FROM sqlite_sequence WHERE name='t_result';
success!
DELETE FROM t_result;
DELETE FROM sqlite_sequence WHERE name='t_result';
success!
DELETE FROM t_result;
DELETE FROM sqlite_sequence WHERE name='t_result';
success!
DELETE FROM t_result;
DELETE FROM sqlite_sequence WHERE name='t_result';
success!
DELETE FROM t_result;
DELETE FROM sqlite_sequence WHERE name='t_result';
success!
DELETE FROM t_result;
DELETE FROM sqlite_sequence WHERE name='t_result';
success!
DELETE FROM t_result;
DELETE FROM sqlite_sequence WHERE name='t_result';
success!
DELETE FROM t_result;
DELETE FROM sqlite_sequence WHERE name='t_result';
success!
DELETE FROM t_result;
DELETE FROM sqlite_sequence WHERE name='t_result';
success!
DELETE FROM t_result;
DELETE FROM sqlite_sequence WHERE name='t_result';
success!
DELETE FROM t_result;
DELETE FROM sqlite_sequence WHERE name='t_result';
success!
DELETE FROM t_result;
DELETE FROM sqlite_sequence WHERE name='t_result';
success!
DELETE FROM t_result;
DELETE FROM sqlite_sequence WHERE name='t_result';
success!
DELETE FROM t_result;
DELETE FROM sqlite_sequence WHERE name='t_result';
success!
DELETE FROM t_result;
DELETE FROM sqlite_sequence WHERE name='t_result';
success!
DELETE FROM t_result;
DELETE FROM sqlite_sequence WHERE name='t_result';
success!
DELETE FROM t_result;
DELETE FROM sqlite_sequence WHERE name='t_result';
success!
DELETE FROM t_result;
DELETE FROM sqlite_sequence WHERE name='t_result';
success!
DELETE FROM t_result;
DELETE FROM sqlite_sequence WHERE name='t_result';
success!
DELETE FROM t_result;
DELETE FROM sqlite_sequence WHERE name='t_result';
success!
DELETE FROM t_result;
DELETE FROM sqlite_sequence WHERE name='t_result';
success!
DELETE FROM t_result;
DELETE FROM sqlite_sequence WHERE name='t_result';
success!
DELETE FROM t_result;
DELETE FROM sqlite_sequence WHERE name='t_result';
success!
DELETE FROM t_result;
DELETE FROM sqlite_sequence WHERE name='t_result';
success!
DELETE FROM t_result;
DELETE FROM sqlite_sequence WHERE name='t_result';
success!
DELETE FROM t_result;
DELETE FROM sqlite_sequence WHERE name='t_result';
success!
DELETE FROM t_result;
DELETE FROM sqlite_sequence WHERE name='t_result';
success!
DELETE FROM t_result;
DELETE FROM sqlite_sequence WHERE name='t_result';
success!
DELETE FROM t_result;
DELETE FROM sqlite_sequence WHERE name='t_result';
success!
DELETE FROM t_result;
DELETE FROM sqlite_sequence WHERE name='t_result';
success!
DELETE FROM t_result;
DELETE FROM sqlite_sequence WHERE name='t_result';
success!
DELETE FROM t_result;
DELETE FROM sqlite_sequence WHERE name='t_result';
success!
DELETE FROM t_result;
DELETE FROM sqlite_sequence WHERE name='t_result';
success!
DELETE FROM t_result;
DELETE FROM sqlite_sequence WHERE name='t_result';
success!
DELETE FROM t_result;
DELETE FROM sqlite_sequence WHERE name='t_result';
success!
DELETE FROM t_result;
DELETE FROM sqlite_sequence WHERE name='t_result';
success!
DELETE FROM t_result;
DELETE FROM sqlite_sequence WHERE name='t_result';
success!
DELETE FROM t_result;
DELETE FROM sqlite_sequence WHERE name='t_result';
success!
DELETE FROM t_result;
DELETE FROM sqlite_sequence WHERE name='t_result';
success!
DELETE FROM t_result;
DELETE FROM sqlite_sequence WHERE name='t_result';
success!
DELETE FROM t_result;
DELETE FROM sqlite_sequence WHERE name='t_result';
success!
DELETE FROM t_result;
DELETE FROM sqlite_sequence WHERE name='t_result';
success!
DELETE FROM t_result;
DELETE FROM sqlite_sequence WHERE name='t_result';
success!
DELETE FROM t_result;
DELETE FROM sqlite_sequence WHERE name='t_result';
success!
DELETE FROM t_result;
DELETE FROM sqlite_sequence WHERE name='t_result';
success!
DELETE FROM t_result;
DELETE FROM sqlite_sequence WHERE name='t_result';
success!
DELETE FROM t_result;
DELETE FROM sqlite_sequence WHERE name='t_result';
success!
DELETE FROM t_result;
DELETE FROM sqlite_sequence WHERE name='t_result';
success!
DELETE FROM t_result;
DELETE FROM sqlite_sequence WHERE name='t_result';
success!
DELETE FROM t_result;
DELETE FROM sqlite_sequence WHERE name='t_result';
success!
DELETE FROM t_result;
DELETE FROM sqlite_sequence WHERE name='t_result';
success!
DELETE FROM t_result;
DELETE FROM sqlite_sequence WHERE name='t_result';
success!
DELETE FROM t_result;
DELETE FROM sqlite_sequence WHERE name='t_result';
success!
DELETE FROM t_result;
DELETE FROM sqlite_sequence WHERE name='t_result';
success!
DELETE FROM t_result;
DELETE FROM sqlite_sequence WHERE name='t_result';
success!
DELETE FROM t_result;
DELETE FROM sqlite_sequence WHERE name='t_result';
success!
DELETE FROM t_result;
DELETE FROM sqlite_sequence WHERE name='t_result';
success!
DELETE FROM t_result;
DELETE FROM sqlite_sequence WHERE name='t_result';
success!
DELETE FROM t_result;
DELETE FROM sqlite_sequence WHERE name='t_result';
success!
DELETE FROM t_result;
DELETE FROM sqlite_sequence WHERE name='t_result';
success!
DELETE FROM t_result;
DELETE FROM sqlite_sequence WHERE name='t_result';
success!
DELETE FROM t_result;
DELETE FROM sqlite_sequence WHERE name='t_result';
success!
DELETE FROM t_result;
DELETE FROM sqlite_sequence WHERE name='t_result';
success!
DELETE FROM t_result;
DELETE FROM sqlite_sequence WHERE name='t_result';
success!
DELETE FROM t_result;
DELETE FROM sqlite_sequence WHERE name='t_result';
success!
DELETE FROM t_result;
DELETE FROM sqlite_sequence WHERE name='t_result';
success!
DELETE FROM t_result;
DELETE FROM sqlite_sequence WHERE name='t_result';
success!
DELETE FROM t_result;
DELETE FROM sqlite_sequence WHERE name='t_result';
success!
DELETE FROM t_result;
DELETE FROM sqlite_sequence WHERE name='t_result';
success!
DELETE FROM t_result;
DELETE FROM sqlite_sequence WHERE name='t_result';
success!
DELETE FROM t_result;
DELETE FROM sqlite_sequence WHERE name='t_result';
success!
DELETE FROM t_result;
DELETE FROM sqlite_sequence WHERE name='t_result';
success!
DELETE FROM t_result;
DELETE FROM sqlite_sequence WHERE name='t_result';
success!
DELETE FROM t_result;
DELETE FROM sqlite_sequence WHERE name='t_result';
success!
DELETE FROM t_result;
DELETE FROM sqlite_sequence WHERE name='t_result';
success!
timestamp: 2011-05-08T23:41:55.858320
ALTER TABLE t_result ADD f_source CHAR(512);
DELETE FROM t_result;
DELETE FROM sqlite_sequence WHERE name='t_result';
success!
DELETE FROM t_result;
DELETE FROM sqlite_sequence WHERE name='t_result';
success!
DELETE FROM t_result;
DELETE FROM sqlite_sequence WHERE name='t_result';
success!
DELETE FROM t_result;
DELETE FROM sqlite_sequence WHERE name='t_result';
success!
DELETE FROM t_result;
DELETE FROM sqlite_sequence WHERE name='t_result';
success!
DELETE FROM t_result;
DELETE FROM sqlite_sequence WHERE name='t_result';
success!
DELETE FROM t_result;
DELETE FROM sqlite_sequence WHERE name='t_result';
success!
DELETE FROM t_result;
DELETE FROM sqlite_sequence WHERE name='t_result';
success!
DELETE FROM t_result;
DELETE FROM sqlite_sequence WHERE name='t_result';
success!
DELETE FROM t_result;
DELETE FROM sqlite_sequence WHERE name='t_result';
success!
DELETE FROM t_result;
DELETE FROM sqlite_sequence WHERE name='t_result';
success!
DELETE FROM t_result;
DELETE FROM sqlite_sequence WHERE name='t_result';
success!
DELETE FROM t_result;
DELETE FROM sqlite_sequence WHERE name='t_result';
success!
DELETE FROM t_result;
DELETE FROM sqlite_sequence WHERE name='t_result';
success!
DELETE FROM t_result;
DELETE FROM sqlite_sequence WHERE name='t_result';
success!
DELETE FROM t_result;
DELETE FROM sqlite_sequence WHERE name='t_result';
success!
DELETE FROM t_result;
DELETE FROM sqlite_sequence WHERE name='t_result';
success!
DELETE FROM t_result;
DELETE FROM sqlite_sequence WHERE name='t_result';
success!
DELETE FROM t_result;
DELETE FROM sqlite_sequence WHERE name='t_result';
success!
DELETE FROM t_result;
DELETE FROM sqlite_sequence WHERE name='t_result';
success!
DELETE FROM t_result;
DELETE FROM sqlite_sequence WHERE name='t_result';
success!
DELETE FROM t_result;
DELETE FROM sqlite_sequence WHERE name='t_result';
success!
DELETE FROM t_result;
DELETE FROM sqlite_sequence WHERE name='t_result';
success!
DELETE FROM t_result;
DELETE FROM sqlite_sequence WHERE name='t_result';
success!
DELETE FROM t_result;
DELETE FROM sqlite_sequence WHERE name='t_result';
success!
DELETE FROM t_result;
DELETE FROM sqlite_sequence WHERE name='t_result';
success!
DELETE FROM t_result;
DELETE FROM sqlite_sequence WHERE name='t_result';
success!
DELETE FROM t_result;
DELETE FROM sqlite_sequence WHERE name='t_result';
success!
DELETE FROM t_result;
DELETE FROM sqlite_sequence WHERE name='t_result';
success!
DELETE FROM t_result;
DELETE FROM sqlite_sequence WHERE name='t_result';
success!
DELETE FROM t_result;
DELETE FROM sqlite_sequence WHERE name='t_result';
success!
DELETE FROM t_result;
DELETE FROM sqlite_sequence WHERE name='t_result';
success!
DELETE FROM t_result;
DELETE FROM sqlite_sequence WHERE name='t_result';
success!
DELETE FROM t_result;
DELETE FROM sqlite_sequence WHERE name='t_result';
success!
DELETE FROM t_result;
DELETE FROM sqlite_sequence WHERE name='t_result';
success!
DELETE FROM t_result;
DELETE FROM sqlite_sequence WHERE name='t_result';
success!
DELETE FROM t_result;
DELETE FROM sqlite_sequence WHERE name='t_result';
success!
DELETE FROM t_result;
DELETE FROM sqlite_sequence WHERE name='t_result';
success!
DELETE FROM t_result;
DELETE FROM sqlite_sequence WHERE name='t_result';
success!
DELETE FROM t_result;
DELETE FROM sqlite_sequence WHERE name='t_result';
success!
DELETE FROM t_result;
DELETE FROM sqlite_sequence WHERE name='t_result';
success!
DELETE FROM t_result;
DELETE FROM sqlite_sequence WHERE name='t_result';
success!
DELETE FROM t_result;
DELETE FROM sqlite_sequence WHERE name='t_result';
success!
DELETE FROM t_result;
DELETE FROM sqlite_sequence WHERE name='t_result';
success!
DELETE FROM t_result;
DELETE FROM sqlite_sequence WHERE name='t_result';
success!
DELETE FROM t_result;
DELETE FROM sqlite_sequence WHERE name='t_result';
success!
DELETE FROM t_result;
DELETE FROM sqlite_sequence WHERE name='t_result';
success!
DELETE FROM t_result;
DELETE FROM sqlite_sequence WHERE name='t_result';
success!
DELETE FROM t_result;
DELETE FROM sqlite_sequence WHERE name='t_result';
success!
DELETE FROM t_result;
DELETE FROM sqlite_sequence WHERE name='t_result';
success!
DELETE FROM t_result;
DELETE FROM sqlite_sequence WHERE name='t_result';
success!
DELETE FROM t_result;
DELETE FROM sqlite_sequence WHERE name='t_result';
success!
DELETE FROM t_result;
DELETE FROM sqlite_sequence WHERE name='t_result';
success!
DELETE FROM t_result;
DELETE FROM sqlite_sequence WHERE name='t_result';
success!
DELETE FROM t_result;
DELETE FROM sqlite_sequence WHERE name='t_result';
success!
DELETE FROM t_result;
DELETE FROM sqlite_sequence WHERE name='t_result';
success!
DELETE FROM t_result;
DELETE FROM sqlite_sequence WHERE name='t_result';
success!
DELETE FROM t_result;
DELETE FROM sqlite_sequence WHERE name='t_result';
success!
DELETE FROM t_result;
DELETE FROM sqlite_sequence WHERE name='t_result';
success!
DELETE FROM t_result;
DELETE FROM sqlite_sequence WHERE name='t_result';
success!
DELETE FROM t_result;
DELETE FROM sqlite_sequence WHERE name='t_result';
success!
DELETE FROM t_result;
DELETE FROM sqlite_sequence WHERE name='t_result';
success!
DELETE FROM t_result;
DELETE FROM sqlite_sequence WHERE name='t_result';
success!
DELETE FROM t_result;
DELETE FROM sqlite_sequence WHERE name='t_result';
success!
DELETE FROM t_result;
DELETE FROM sqlite_sequence WHERE name='t_result';
success!
DELETE FROM t_result;
DELETE FROM sqlite_sequence WHERE name='t_result';
success!
DELETE FROM t_result;
DELETE FROM sqlite_sequence WHERE name='t_result';
success!
DELETE FROM t_result;
DELETE FROM sqlite_sequence WHERE name='t_result';
success!
DELETE FROM t_result;
DELETE FROM sqlite_sequence WHERE name='t_result';
success!
DELETE FROM t_result;
DELETE FROM sqlite_sequence WHERE name='t_result';
success!
DELETE FROM t_result;
DELETE FROM sqlite_sequence WHERE name='t_result';
success!
DELETE FROM t_result;
DELETE FROM sqlite_sequence WHERE name='t_result';
success!
DELETE FROM t_result;
DELETE FROM sqlite_sequence WHERE name='t_result';
success!
DELETE FROM t_result;
DELETE FROM sqlite_sequence WHERE name='t_result';
success!
DELETE FROM t_result;
DELETE FROM sqlite_sequence WHERE name='t_result';
success!
DELETE FROM t_result;
DELETE FROM sqlite_sequence WHERE name='t_result';
success!
DELETE FROM t_result;
DELETE FROM sqlite_sequence WHERE name='t_result';
success!
DELETE FROM t_result;
DELETE FROM sqlite_sequence WHERE name='t_result';
success!
DELETE FROM t_result;
DELETE FROM sqlite_sequence WHERE name='t_result';
success!
DELETE FROM t_result;
DELETE FROM sqlite_sequence WHERE name='t_result';
success!
DELETE FROM t_result;
DELETE FROM sqlite_sequence WHERE name='t_result';
success!
DELETE FROM t_result;
DELETE FROM sqlite_sequence WHERE name='t_result';
success!
DELETE FROM t_result;
DELETE FROM sqlite_sequence WHERE name='t_result';
success!
DELETE FROM t_result;
DELETE FROM sqlite_sequence WHERE name='t_result';
success!
DELETE FROM t_result;
DELETE FROM sqlite_sequence WHERE name='t_result';
success!
DELETE FROM t_result;
DELETE FROM sqlite_sequence WHERE name='t_result';
success!
DELETE FROM t_result;
DELETE FROM sqlite_sequence WHERE name='t_result';
success!
timestamp: 2011-05-09T01:54:32.985438
ALTER TABLE t_result ADD f_snippet CHAR(512);
DELETE FROM t_result;
DELETE FROM sqlite_sequence WHERE name='t_result';
success!
DELETE FROM t_result;
DELETE FROM sqlite_sequence WHERE name='t_result';
success!
DELETE FROM t_result;
DELETE FROM sqlite_sequence WHERE name='t_result';
success!
DELETE FROM t_result;
DELETE FROM sqlite_sequence WHERE name='t_result';
success!
DELETE FROM t_result;
DELETE FROM sqlite_sequence WHERE name='t_result';
success!
DELETE FROM t_result;
DELETE FROM sqlite_sequence WHERE name='t_result';
success!
DELETE FROM t_result;
DELETE FROM sqlite_sequence WHERE name='t_result';
success!
DELETE FROM t_result;
DELETE FROM sqlite_sequence WHERE name='t_result';
success!
DELETE FROM t_result;
DELETE FROM sqlite_sequence WHERE name='t_result';
success!
DELETE FROM t_result;
DELETE FROM sqlite_sequence WHERE name='t_result';
success!
DELETE FROM t_result;
DELETE FROM sqlite_sequence WHERE name='t_result';
success!
DELETE FROM t_result;
DELETE FROM sqlite_sequence WHERE name='t_result';
success!
DELETE FROM t_result;
DELETE FROM sqlite_sequence WHERE name='t_result';
success!
DELETE FROM t_result;
DELETE FROM sqlite_sequence WHERE name='t_result';
success!
DELETE FROM t_result;
DELETE FROM sqlite_sequence WHERE name='t_result';
success!
DELETE FROM t_result;
DELETE FROM sqlite_sequence WHERE name='t_result';
success!
DELETE FROM t_result;
DELETE FROM sqlite_sequence WHERE name='t_result';
success!
DELETE FROM t_result;
DELETE FROM sqlite_sequence WHERE name='t_result';
success!
DELETE FROM t_result;
DELETE FROM sqlite_sequence WHERE name='t_result';
success!
DELETE FROM t_result;
DELETE FROM sqlite_sequence WHERE name='t_result';
success!
DELETE FROM t_result;
DELETE FROM sqlite_sequence WHERE name='t_result';
success!
DELETE FROM t_result;
DELETE FROM sqlite_sequence WHERE name='t_result';
success!
DELETE FROM t_result;
DELETE FROM sqlite_sequence WHERE name='t_result';
success!
DELETE FROM t_result;
DELETE FROM sqlite_sequence WHERE name='t_result';
success!
DELETE FROM t_result;
DELETE FROM sqlite_sequence WHERE name='t_result';
success!
DELETE FROM t_result;
DELETE FROM sqlite_sequence WHERE name='t_result';
success!
DELETE FROM t_result;
DELETE FROM sqlite_sequence WHERE name='t_result';
success!
DELETE FROM t_result;
DELETE FROM sqlite_sequence WHERE name='t_result';
success!
DELETE FROM t_result;
DELETE FROM sqlite_sequence WHERE name='t_result';
success!
DELETE FROM t_result;
DELETE FROM sqlite_sequence WHERE name='t_result';
success!
DELETE FROM t_result;
DELETE FROM sqlite_sequence WHERE name='t_result';
success!
DELETE FROM t_result;
DELETE FROM sqlite_sequence WHERE name='t_result';
success!
DELETE FROM t_result;
DELETE FROM sqlite_sequence WHERE name='t_result';
success!
DELETE FROM t_result;
DELETE FROM sqlite_sequence WHERE name='t_result';
success!
DELETE FROM t_result;
DELETE FROM sqlite_sequence WHERE name='t_result';
success!
DELETE FROM t_result;
DELETE FROM sqlite_sequence WHERE name='t_result';
success!
DELETE FROM t_result;
DELETE FROM sqlite_sequence WHERE name='t_result';
success!
DELETE FROM t_result;
DELETE FROM sqlite_sequence WHERE name='t_result';
success!
DELETE FROM t_result;
DELETE FROM sqlite_sequence WHERE name='t_result';
success!
DELETE FROM t_result;
DELETE FROM sqlite_sequence WHERE name='t_result';
success!
DELETE FROM t_result;
DELETE FROM sqlite_sequence WHERE name='t_result';
success!
DELETE FROM t_result;
DELETE FROM sqlite_sequence WHERE name='t_result';
success!
DELETE FROM t_result;
DELETE FROM sqlite_sequence WHERE name='t_result';
success!
DELETE FROM t_result;
DELETE FROM sqlite_sequence WHERE name='t_result';
success!
DELETE FROM t_result;
DELETE FROM sqlite_sequence WHERE name='t_result';
success!
DELETE FROM t_result;
DELETE FROM sqlite_sequence WHERE name='t_result';
success!
DELETE FROM t_result;
DELETE FROM sqlite_sequence WHERE name='t_result';
success!
DELETE FROM t_result;
DELETE FROM sqlite_sequence WHERE name='t_result';
success!
DELETE FROM t_result;
DELETE FROM sqlite_sequence WHERE name='t_result';
success!
DELETE FROM t_result;
DELETE FROM sqlite_sequence WHERE name='t_result';
success!
DELETE FROM t_result;
DELETE FROM sqlite_sequence WHERE name='t_result';
success!
DELETE FROM t_result;
DELETE FROM sqlite_sequence WHERE name='t_result';
success!
DELETE FROM t_result;
DELETE FROM sqlite_sequence WHERE name='t_result';
success!
DELETE FROM t_result;
DELETE FROM sqlite_sequence WHERE name='t_result';
success!
DELETE FROM t_result;
DELETE FROM sqlite_sequence WHERE name='t_result';
success!
DELETE FROM t_result;
DELETE FROM sqlite_sequence WHERE name='t_result';
success!
DELETE FROM t_result;
DELETE FROM sqlite_sequence WHERE name='t_result';
success!
DELETE FROM t_result;
DELETE FROM sqlite_sequence WHERE name='t_result';
success!
DELETE FROM t_result;
DELETE FROM sqlite_sequence WHERE name='t_result';
success!
DELETE FROM t_result;
DELETE FROM sqlite_sequence WHERE name='t_result';
success!
DELETE FROM t_result;
DELETE FROM sqlite_sequence WHERE name='t_result';
success!
DELETE FROM t_result;
DELETE FROM sqlite_sequence WHERE name='t_result';
success!
DELETE FROM t_result;
DELETE FROM sqlite_sequence WHERE name='t_result';
success!
DELETE FROM t_result;
DELETE FROM sqlite_sequence WHERE name='t_result';
success!
DELETE FROM t_result;
DELETE FROM sqlite_sequence WHERE name='t_result';
success!
DELETE FROM t_result;
DELETE FROM sqlite_sequence WHERE name='t_result';
success!
